<?xml version="1.0" encoding="UTF-8"?>
<testng-results skipped="0" failed="0" ignored="0" total="1" passed="1">
  <reporter-output>
  </reporter-output>
  <suite name="Suite" duration-ms="158" started-at="2018-04-10T16:36:56Z" finished-at="2018-04-10T16:36:56Z">
    <groups>
    </groups>
    <test name="Test" duration-ms="158" started-at="2018-04-10T16:36:56Z" finished-at="2018-04-10T16:36:56Z">
      <class name="Demo.maven.Testmaven">
        <test-method status="PASS" signature="testmaven1()[pri:0, instance:Demo.maven.Testmaven@643b1d11]" name="testmaven1" duration-ms="16" started-at="2018-04-10T16:36:56Z" finished-at="2018-04-10T16:36:56Z">
          <reporter-output>
          </reporter-output>
        </test-method> <!-- testmaven1 -->
      </class> <!-- Demo.maven.Testmaven -->
    </test> <!-- Test -->
  </suite> <!-- Suite -->
</testng-results>
